Arguments: 
  C:\Program Files\nodejs\node.exe C:\Users\chiabi\AppData\Roaming\npm\node_modules\yarn\bin\yarn.js bundle

PATH: 
  C:\Program Files\Git\mingw64\bin;C:\Program Files\Git\usr\bin;C:\Users\chiabi\bin;C:\WINDOWS\system32;C:\WINDOWS;C:\WINDOWS\System32\Wbem;C:\WINDOWS\System32\WindowsPowerShell\v1.0;C:\Program Files\Git\cmd;C:\Program Files\Intel\WiFi\bin;C:\Program Files\Common Files\Intel\WirelessCommon;%NVM_HOME%;%NVM_SYMLINK%;C:\Program Files\Intel\WiFi\bin;C:\Program Files\Common Files\Intel\WirelessCommon;C:\Users\chiabi\AppData\Local\Microsoft\WindowsApps;C:\Users\chiabi\AppData\Roaming\npm;C:\Program Files (x86)\Microsoft VS Code\bin;C:\Users\chiabi\AppData\Roaming\nvm;C:\Program Files\nodejs

Yarn version: 
  1.3.2

Node version: 
  6.10.0

Platform: 
  win32 x64

npm manifest: 
  {
      "scripts": {
          // "bundle": "rollup src/main.js -f iife > dist/bundle.js"
          // "bundle": "rollup -c ./rollup.config.js" // 설정 파일을 써라 기본값이 ./rollup.config.js임
          "bundle": "rollup -c"
      },
      "devDependencies": {
          "rollup": "^0.52.1"
      }
  }

yarn manifest: 
  No manifest

Lockfile: 
  # THIS IS AN AUTOGENERATED FILE. DO NOT EDIT THIS FILE DIRECTLY.
  # yarn lockfile v1
  
  
  rollup@^0.52.1:
    version "0.52.1"
    resolved "https://registry.yarnpkg.com/rollup/-/rollup-0.52.1.tgz#610e8e1be432f18fcfbfa865408a1cd7618cd707"

Trace: 
  SyntaxError: C:\Users\chiabi\Desktop\FDS_STUDY\modern_js_study\Modern.JS-2017.12\WEEK__02\Rollup-study\package.json: Unexpected token / in JSON at position 27
      at Object.parse (native)
      at C:\Users\chiabi\AppData\Roaming\npm\node_modules\yarn\lib\cli.js:770:59
      at next (native)
      at step (C:\Users\chiabi\AppData\Roaming\npm\node_modules\yarn\lib\cli.js:92:30)
      at C:\Users\chiabi\AppData\Roaming\npm\node_modules\yarn\lib\cli.js:103:13
